<?xml version="1.0" encoding="UTF-8"?>
<testsuite xmlns:xsi="http://www.w3.org/2001/XMLSchema-instance" xsi:noNamespaceSchemaLocation="https://maven.apache.org/surefire/maven-surefire-plugin/xsd/surefire-test-report.xsd" version="3.0.2" name="com.example.springbootlearn.SpringBootLearnApplicationTests" time="3.815" tests="1" errors="0" skipped="0" failures="0" flakes="0">
  <properties>
[...]
</properties>
  <testcase name="contextLoads" classname="com.example.springbootlearn.SpringBootLearnApplicationTests" time="1.174">
    <system-out><![CDATA[00:35:14.891 [main] INFO org.springframework.test.context.support.AnnotationConfigContextLoaderUtils -- Could not detect default configuration classes for test class [com.example.springbootlearn.SpringBootLearnApplicationTests]: SpringBootLearnApplicationTests does not declare any static, non-private, non-final, nested classes annotated with @Configuration.
00:35:15.098 [main] INFO org.springframework.boot.test.context.SpringBootTestContextBootstrapper -- Found @SpringBootConfiguration com.example.springbootlearn.SpringBootLearnApplication for test class com.example.springbootlearn.SpringBootLearnApplicationTests
00:35:15.287 [main] INFO org.springframework.test.context.support.AnnotationConfigContextLoaderUtils -- Could not detect default configuration classes for test class [com.example.springbootlearn.SpringBootLearnApplicationTests]: SpringBootLearnApplicationTests does not declare any static, non-private, non-final, nested classes annotated with @Configuration.
00:35:15.290 [main] INFO org.springframework.boot.test.context.SpringBootTestContextBootstrapper -- Found @SpringBootConfiguration com.example.springbootlearn.SpringBootLearnApplication for test class com.example.springbootlearn.SpringBootLearnApplicationTests

  .   ____          _            __ _ _
 /\\ / ___'_ __ _ _(_)_ __  __ _ \ \ \ \
( ( )\___ | '_ | '_| | '_ \/ _` | \ \ \ \
 \\/  ___)| |_)| | | | | || (_| |  ) ) ) )
  '  |____| .__|_| |_|_| |_\__, | / / / /
 =========|_|==============|___/=/_/_/_/

 :: Spring Boot ::                (v4.1.0)

2026-06-20T00:35:15.970+05:30  INFO 15124 --- [Spring-Boot-Learn] [           main] c.e.s.SpringBootLearnApplicationTests    : Starting SpringBootLearnApplicationTests using Java 17.0.19 with PID 15124 (started by ksyed in C:\Users\ksyed\Projects\Udemy Courses\Learn\7)SpringBoot\Spring-Boot-Learn)
2026-06-20T00:35:15.972+05:30  INFO 15124 --- [Spring-Boot-Learn] [           main] c.e.s.SpringBootLearnApplicationTests    : No active profile set, falling back to 1 default profile: "default"
-> [SPRING FLOW 1] Spring creates the EmailService bean in its factory container.
-> [SPRING FLOW 2] Spring calls NotificationManager's constructor.
   [SPRING FLOW 2] Spring automatically injects the EmailService bean here.
2026-06-20T00:35:17.028+05:30  INFO 15124 --- [Spring-Boot-Learn] [           main] c.e.s.SpringBootLearnApplicationTests    : Started SpringBootLearnApplicationTests in 1.613 seconds (process running for 3.932)

=== STARTING SUB-PACKAGE EXECUTION ===
-> [SPRING FLOW 3] NotificationManager.sendAlert() method is triggered.
-> [SPRING FLOW 4] EmailService bean is running: Running safely from its own package context!
=== ENDING SUB-PACKAGE EXECUTION ===

]]></system-out>
  </testcase>
</testsuite>